<?xml version="1.0" encoding="UTF-8"?>
<!-- Generated by org.testng.reporters.JUnitReportReporter -->
<testsuite hostname="LAPTOP-J2EHUA6C" failures="0" tests="5" name="com.automation.TestNG.day6.ApplyingDataDriven_this_super_Keywords.Register_Test" time="46.604" errors="0" timestamp="2023-09-08T15:33:55 EDT" skipped="0">
  <testcase classname="com.automation.TestNG.day6.ApplyingDataDriven_this_super_Keywords.Register_Test" name="registerAccountWithAllDetails" time="8.760"/>
  <testcase classname="com.automation.TestNG.day6.ApplyingDataDriven_this_super_Keywords.Register_Test" name="registerAccountWithAllDetails" time="11.717"/>
  <testcase classname="com.automation.TestNG.day6.ApplyingDataDriven_this_super_Keywords.Register_Test" name="registerAccountWithAllDetails" time="8.677"/>
  <testcase classname="com.automation.TestNG.day6.ApplyingDataDriven_this_super_Keywords.Register_Test" name="registerAccountWithAllDetails" time="8.711"/>
  <testcase classname="com.automation.TestNG.day6.ApplyingDataDriven_this_super_Keywords.Register_Test" name="registerAccountWithAllDetails" time="8.739"/>
</testsuite> <!-- com.automation.TestNG.day6.ApplyingDataDriven_this_super_Keywords.Register_Test -->
